<?xml version="1.0" encoding="UTF-8"?>
<!-- Generated by org.testng.reporters.JUnitReportReporter -->
<testsuite hostname="DESKTOP-QNHJ5Q7" name="actionClass.RightClickDoubleClick" tests="2" failures="0" timestamp="26 Oct 2022 10:25:31 GMT" time="5.747" errors="0">
  <testcase name="doubleClickTest" time="2.358" classname="actionClass.RightClickDoubleClick"/>
  <testcase name="rightClickTest" time="3.389" classname="actionClass.RightClickDoubleClick"/>
</testsuite> <!-- actionClass.RightClickDoubleClick -->
