<?xml version="1.0" encoding="UTF-8"?>
<!-- Generated by org.testng.reporters.JUnitReportReporter -->
<testsuite hostname="DESKTOP-QNHJ5Q7" name="log4jConcept.log4jExample" tests="3" failures="0" timestamp="27 Oct 2022 09:57:43 GMT" time="5.194" errors="0">
  <testcase name="verifyLogin" time="3.554" classname="log4jConcept.log4jExample"/>
  <testcase name="verifyAppTitle" time="0.019" classname="log4jConcept.log4jExample"/>
  <testcase name="verifyLogout" time="1.621" classname="log4jConcept.log4jExample"/>
</testsuite> <!-- log4jConcept.log4jExample -->
