<?xml version="1.0" encoding="UTF-8"?>
<!-- Generated by org.testng.reporters.JUnitReportReporter -->
<testsuite hostname="DESKTOP-QNHJ5Q7" name="pages.loginTest" tests="1" failures="0" timestamp="31 Oct 2022 10:03:55 GMT" time="3.371" errors="0">
  <testcase name="TC_01_verifyLoginFeatureWithValid" time="3.371" classname="pages.loginTest"/>
</testsuite> <!-- pages.loginTest -->
