<?xml version="1.0" encoding="UTF-8"?>
<!-- Generated by org.testng.reporters.JUnitReportReporter -->
<testsuite hostname="DESKTOP-QNHJ5Q7" name="timewaitExamples.timeWaitExamples" tests="1" failures="0" timestamp="26 Oct 2022 10:34:11 GMT" time="15.030" errors="0">
  <testcase name="verifyLoginLogoutTest" time="15.030" classname="timewaitExamples.timeWaitExamples"/>
</testsuite> <!-- timewaitExamples.timeWaitExamples -->
