<?xml version="1.0" encoding="UTF-8"?>
<!-- Generated by org.testng.reporters.JUnitReportReporter -->
<testsuite hostname="DESKTOP-H0PI4DT" failures="0" tests="8" name="crossBrowserTesting.HRMLogin" time="0.110" errors="0" timestamp="2022-10-21T16:47:13 IST" skipped="0">
  <testcase classname="crossBrowserTesting.HRMLogin" name="login" time="0.014"/>
  <system-out/>
  <testcase classname="crossBrowserTesting.HRMLogin" name="login" time="0.016"/>
  <system-out/>
  <testcase classname="crossBrowserTesting.HRMLogin" name="additems" time="0.017"/>
  <system-out/>
  <testcase classname="crossBrowserTesting.HRMLogin" name="additems" time="0.025"/>
  <system-out/>
  <testcase classname="crossBrowserTesting.HRMLogin" name="payment" time="0.019"/>
  <system-out/>
  <testcase classname="crossBrowserTesting.HRMLogin" name="payment" time="0.013"/>
  <system-out/>
  <testcase classname="crossBrowserTesting.HRMLogin" name="logout" time="0.003"/>
  <system-out/>
  <testcase classname="crossBrowserTesting.HRMLogin" name="logout" time="0.003"/>
  <system-out/>
</testsuite> <!-- crossBrowserTesting.HRMLogin -->
