<?xml version="1.0" encoding="UTF-8"?>
<!-- Generated by org.testng.reporters.JUnitReportReporter -->
<testsuite hostname="DESKTOP-H0PI4DT" failures="0" tests="1" name="syncIssue.HRMLogin_Exercise1" time="16.877" errors="0" timestamp="2022-10-26T14:41:38 IST" skipped="0">
  <testcase classname="syncIssue.HRMLogin_Exercise1" name="verifyLoginLogoutTest" time="16.877"/>
  <system-out/>
</testsuite> <!-- syncIssue.HRMLogin_Exercise1 -->
