<?xml version="1.0" encoding="UTF-8"?>
<!-- Generated by org.testng.reporters.JUnitReportReporter -->
<testsuite hostname="DESKTOP-H0PI4DT" failures="0" tests="3" name="logExample.NOPComLogin" time="8.468" errors="0" timestamp="2022-10-27T15:00:12 IST" skipped="0">
  <testcase classname="logExample.NOPComLogin" name="verifyLogin" time="6.538"/>
  <system-out/>
  <testcase classname="logExample.NOPComLogin" name="verifyAppTitle" time="0.022"/>
  <system-out/>
  <testcase classname="logExample.NOPComLogin" name="verifyLogout" time="1.908"/>
  <system-out/>
</testsuite> <!-- logExample.NOPComLogin -->
