<?xml version="1.0" encoding="UTF-8"?>
<!-- Generated by org.testng.reporters.JUnitReportReporter -->
<testsuite hostname="DESKTOP-H0PI4DT" failures="0" tests="1" name="handleFrame.PayTM_Frame" time="6.374" errors="0" timestamp="2022-10-25T15:30:55 IST" skipped="0">
  <testcase classname="handleFrame.PayTM_Frame" name="verifyFrame" time="6.374"/>
  <system-out/>
</testsuite> <!-- handleFrame.PayTM_Frame -->
