<?xml version="1.0" encoding="UTF-8"?>
<!-- Generated by org.testng.reporters.JUnitReportReporter -->
<testsuite hostname="DESKTOP-QNHJ5Q7" name="actionClass.dragAndDrop" tests="1" failures="0" timestamp="26 Oct 2022 10:51:05 GMT" time="0.926" errors="0">
  <testcase name="rightClickTest" time="0.926" classname="actionClass.dragAndDrop"/>
</testsuite> <!-- actionClass.dragAndDrop -->
