<?xml version="1.0" encoding="UTF-8"?>
<!-- Generated by org.testng.reporters.JUnitReportReporter -->
<testsuite hostname="DESKTOP-H0PI4DT" failures="0" tests="2" name="crossBrowserTesting.AmazonTestCrossBrowser_WebDriverManager" time="63.676" errors="0" timestamp="2022-10-21T16:38:46 IST" skipped="0">
  <testcase classname="crossBrowserTesting.AmazonTestCrossBrowser_WebDriverManager" name="verifySearchFeature" time="32.524"/>
  <system-out/>
  <testcase classname="crossBrowserTesting.AmazonTestCrossBrowser_WebDriverManager" name="verifySearchFeature" time="31.152"/>
  <system-out/>
</testsuite> <!-- crossBrowserTesting.AmazonTestCrossBrowser_WebDriverManager -->
