<?xml version="1.0" encoding="UTF-8"?>
<!-- Generated by org.testng.reporters.JUnitReportReporter -->
<testsuite hostname="DESKTOP-H0PI4DT" failures="0" tests="1" name="handleWindows.PayTM_Frame" time="6.356" errors="0" timestamp="2022-10-25T16:05:43 IST" skipped="0">
  <testcase classname="handleWindows.PayTM_Frame" name="verifyFrame" time="6.356"/>
  <system-out/>
</testsuite> <!-- handleWindows.PayTM_Frame -->
