<?xml version="1.0" encoding="UTF-8"?>
<!-- Generated by org.testng.reporters.JUnitReportReporter -->
<testsuite hostname="DESKTOP-H0PI4DT" failures="0" tests="1" name="actionExample.DragDropTest" time="0.933" errors="0" timestamp="2022-10-26T16:14:49 IST" skipped="0">
  <testcase classname="actionExample.DragDropTest" name="rightClickTest" time="0.933"/>
  <system-out/>
</testsuite> <!-- actionExample.DragDropTest -->
