<?xml version="1.0" encoding="UTF-8"?>
<!-- Generated by org.testng.reporters.JUnitReportReporter -->
<testsuite hostname="DESKTOP-H0PI4DT" failures="0" tests="1" name="handleWindows.IRCTC_App_Window" time="73.392" errors="0" timestamp="2022-10-25T16:28:19 IST" skipped="0">
  <testcase classname="handleWindows.IRCTC_App_Window" name="verifyWindow" time="73.392"/>
  <system-out/>
</testsuite> <!-- handleWindows.IRCTC_App_Window -->
