<?xml version="1.0" encoding="UTF-8"?>
<!-- Generated by org.testng.reporters.JUnitReportReporter -->
<testsuite hostname="DESKTOP-H0PI4DT" failures="0" tests="1" name="handleFrame2.PayTM_Frame" time="9.178" errors="0" timestamp="2022-10-25T15:59:33 IST" skipped="0">
  <testcase classname="handleFrame2.PayTM_Frame" name="verifyFrame" time="9.178"/>
  <system-out/>
</testsuite> <!-- handleFrame2.PayTM_Frame -->
