<?xml version="1.0" encoding="UTF-8"?>
<!-- Generated by org.testng.reporters.JUnitReportReporter -->
<testsuite hostname="DESKTOP-H0PI4DT" failures="0" tests="1" name="actionExample.AmazonWishListExample" time="3.839" errors="0" timestamp="2022-10-27T14:19:04 IST" skipped="0">
  <testcase classname="actionExample.AmazonWishListExample" name="rightClickTest" time="3.839"/>
  <system-out/>
</testsuite> <!-- actionExample.AmazonWishListExample -->
