<?xml version="1.0" encoding="UTF-8"?>
<!-- Generated by org.testng.reporters.JUnitReportReporter -->
<testsuite hostname="DESKTOP-QNHJ5Q7" name="datadrivenTest.dataDriven" tests="3" failures="0" timestamp="28 Oct 2022 09:54:57 GMT" time="33.387" errors="0">
  <testcase name="verifyLoginWithInValidUser" time="11.511" classname="datadrivenTest.dataDriven"/>
  <testcase name="verifyLoginWithInValidUser" time="10.954" classname="datadrivenTest.dataDriven"/>
  <testcase name="verifyLoginWithInValidUser" time="10.922" classname="datadrivenTest.dataDriven"/>
</testsuite> <!-- datadrivenTest.dataDriven -->
