<?xml version="1.0" encoding="UTF-8"?>
<!-- Generated by org.testng.reporters.JUnitReportReporter -->
<testsuite hostname="DESKTOP-H0PI4DT" failures="0" tests="1" name="syncIssue.SampleApp_ConditionalWaitAlert" time="15.567" errors="0" timestamp="2022-10-26T14:55:26 IST" skipped="0">
  <testcase classname="syncIssue.SampleApp_ConditionalWaitAlert" name="verifyLoginLogoutTest" time="15.567"/>
  <system-out/>
</testsuite> <!-- syncIssue.SampleApp_ConditionalWaitAlert -->
