<?xml version="1.0" encoding="UTF-8"?>
<!-- Generated by org.testng.reporters.JUnitReportReporter -->
<testsuite hostname="DESKTOP-H0PI4DT" failures="0" tests="1" name="actionExample.RightClickDoubleClick" time="2.431" errors="0" timestamp="2022-10-26T15:46:29 IST" skipped="0">
  <testcase classname="actionExample.RightClickDoubleClick" name="rightClickTest" time="2.431"/>
  <system-out/>
</testsuite> <!-- actionExample.RightClickDoubleClick -->
