<?xml version="1.0" encoding="UTF-8"?>
<!-- Generated by org.testng.reporters.JUnitReportReporter -->
<testsuite hostname="DESKTOP-QNHJ5Q7" name="actionClass.mouseOverOperation" tests="1" failures="0" timestamp="26 Oct 2022 11:24:46 GMT" time="2.264" errors="0">
  <testcase name="rightClickTest" time="2.264" classname="actionClass.mouseOverOperation"/>
</testsuite> <!-- actionClass.mouseOverOperation -->
