<?xml version="1.0" encoding="UTF-8"?>
<!-- Generated by org.testng.reporters.JUnitReportReporter -->
<testsuite hostname="DESKTOP-H0PI4DT" failures="0" tests="1" name="syncIssue.SampleApp_ConditionalWait" time="21.864" errors="0" timestamp="2022-10-26T14:49:43 IST" skipped="0">
  <testcase classname="syncIssue.SampleApp_ConditionalWait" name="verifyLoginLogoutTest" time="21.864"/>
  <system-out/>
</testsuite> <!-- syncIssue.SampleApp_ConditionalWait -->
