<?xml version="1.0" encoding="UTF-8"?>
<!-- Generated by org.testng.reporters.JUnitReportReporter -->
<testsuite hostname="DESKTOP-H0PI4DT" failures="0" tests="1" name="takescreenshotExample.AmazonTest" time="8.362" errors="0" timestamp="2022-10-25T15:09:08 IST" skipped="0">
  <testcase classname="takescreenshotExample.AmazonTest" name="SearchTest" time="8.362"/>
  <system-out/>
</testsuite> <!-- takescreenshotExample.AmazonTest -->
