<?xml version="1.0" encoding="UTF-8"?>
<!-- Generated by org.testng.reporters.JUnitReportReporter -->
<testsuite hostname="DESKTOP-QNHJ5Q7" failures="0" tests="8" name="crossBrowserTesting.HRMLogin" time="0.004" errors="0" timestamp="2022-11-02T03:44:23 PDT" skipped="0">
  <testcase classname="crossBrowserTesting.HRMLogin" name="login" time="0.001"/>
  <system-out/>
  <testcase classname="crossBrowserTesting.HRMLogin" name="login" time="0.000"/>
  <system-out/>
  <testcase classname="crossBrowserTesting.HRMLogin" name="additems" time="0.000"/>
  <system-out/>
  <testcase classname="crossBrowserTesting.HRMLogin" name="additems" time="0.001"/>
  <system-out/>
  <testcase classname="crossBrowserTesting.HRMLogin" name="payment" time="0.000"/>
  <system-out/>
  <testcase classname="crossBrowserTesting.HRMLogin" name="payment" time="0.001"/>
  <system-out/>
  <testcase classname="crossBrowserTesting.HRMLogin" name="logout" time="0.000"/>
  <system-out/>
  <testcase classname="crossBrowserTesting.HRMLogin" name="logout" time="0.001"/>
  <system-out/>
</testsuite> <!-- crossBrowserTesting.HRMLogin -->
