<?xml version="1.0" encoding="UTF-8"?>
<!-- Generated by org.testng.reporters.JUnitReportReporter -->
<testsuite hostname="DESKTOP-H0PI4DT" failures="0" tests="3" name="logExample.NOPComLogin" time="11.113" errors="0" timestamp="2022-10-27T15:56:46 IST" skipped="0">
  <testcase classname="logExample.NOPComLogin" name="verifyLogin" time="9.093"/>
  <system-out/>
  <testcase classname="logExample.NOPComLogin" name="verifyAppTitle" time="0.029"/>
  <system-out/>
  <testcase classname="logExample.NOPComLogin" name="verifyLogout" time="1.991"/>
  <system-out/>
</testsuite> <!-- logExample.NOPComLogin -->
