<?xml version="1.0" encoding="UTF-8"?>
<!-- Generated by org.testng.reporters.JUnitReportReporter -->
<testsuite hostname="DESKTOP-H0PI4DT" failures="0" tests="2" name="crossBrowserTesting.AmazonTestCrossBrowser_WebDriverManager" time="81.056" errors="0" timestamp="2022-10-27T15:56:46 IST" skipped="0">
  <testcase classname="crossBrowserTesting.AmazonTestCrossBrowser_WebDriverManager" name="verifySearchFeature" time="39.027"/>
  <system-out/>
  <testcase classname="crossBrowserTesting.AmazonTestCrossBrowser_WebDriverManager" name="verifySearchFeature" time="42.029"/>
  <system-out/>
</testsuite> <!-- crossBrowserTesting.AmazonTestCrossBrowser_WebDriverManager -->
