<?xml version="1.0" encoding="UTF-8"?>
<!-- Generated by org.testng.reporters.JUnitReportReporter -->
<testsuite hostname="DESKTOP-H0PI4DT" failures="0" tests="3" name="dataDrivenTest.NOPComLogin" time="32.776" errors="0" timestamp="2022-10-28T15:13:39 IST" skipped="0">
  <testcase classname="dataDrivenTest.NOPComLogin" name="verifyLoginWithInValidUser" time="10.883"/>
  <system-out/>
  <testcase classname="dataDrivenTest.NOPComLogin" name="verifyLoginWithInValidUser" time="10.947"/>
  <system-out/>
  <testcase classname="dataDrivenTest.NOPComLogin" name="verifyLoginWithInValidUser" time="10.946"/>
  <system-out/>
</testsuite> <!-- dataDrivenTest.NOPComLogin -->
